<?xml version="1.0" encoding="UTF-8"?>
<!-- Generated by org.testng.reporters.JUnitXMLReporter -->
<testsuite ignored="0" hostname="DESKTOP-PNP01G1" failures="0" tests="4" name="Default test" time="12.799" errors="0" timestamp="2024-03-25T16:48:23 IST">
  <testcase classname="api.test.UserTests" name="testPostUser" time="4.359"/>
  <testcase classname="api.test.UserTests" name="testGetUserByName" time="1.895"/>
  <testcase classname="api.test.UserTests" name="testUpdateUserByName" time="3.702"/>
  <testcase classname="api.test.UserTests" name="testDeleteUserByName" time="1.574"/>
</testsuite> <!-- Default test -->
