<?xml version="1.0" encoding="UTF-8"?>
<!-- Generated by org.testng.reporters.JUnitXMLReporter -->
<testsuite ignored="0" hostname="DESKTOP-PNP01G1" failures="0" tests="4" name="PetTest" time="13.004" errors="0" timestamp="2024-03-25T16:40:12 IST">
  <testcase classname="api.test.UserTests" name="testPostUser" time="4.84"/>
  <testcase classname="api.test.UserTests" name="testGetUserByName" time="2.107"/>
  <testcase classname="api.test.UserTests" name="testUpdateUserByName" time="3.755"/>
  <testcase classname="api.test.UserTests" name="testDeleteUserByName" time="1.842"/>
</testsuite> <!-- PetTest -->
