<?xml version="1.0" encoding="UTF-8"?>
<!-- Generated by org.testng.reporters.JUnitXMLReporter -->
<testsuite ignored="0" hostname="DESKTOP-PNP01G1" failures="0" tests="4" name="PetTests" time="14.062" errors="0" timestamp="2024-03-25T18:31:22 IST">
  <testcase classname="api.test.UserTests2" name="testPostUser" time="4.831"/>
  <testcase classname="api.test.UserTests2" name="testGetUserByName" time="1.969"/>
  <testcase classname="api.test.UserTests2" name="testUpdateUserByName" time="3.627"/>
  <testcase classname="api.test.UserTests2" name="testDeleteUserByName" time="1.932"/>
</testsuite> <!-- PetTests -->
